<?xml version="1.0" encoding="UTF-8"?>
<!-- Generated by org.testng.reporters.JUnitReportReporter -->
<testsuite hostname="LAPTOP-18R30RO2" name="testngbasics.TestNgDemo" tests="3" failures="0" timestamp="26 Apr 2024 06:05:25 GMT" time="0.005" errors="0">
  <testcase name="testcase3" time="0.001" classname="testngbasics.TestNgDemo"/>
  <testcase name="testcase1" time="0.003" classname="testngbasics.TestNgDemo"/>
  <testcase name="testcase2" time="0.001" classname="testngbasics.TestNgDemo"/>
</testsuite> <!-- testngbasics.TestNgDemo -->
